Sat Oct 13 2018 21:22:27 GMT-0600 (Mountain Daylight Time): GET /about
Sat Oct 13 2018 21:23:06 GMT-0600 (Mountain Daylight Time): GET /about
Sat Oct 13 2018 21:23:22 GMT-0600 (Mountain Daylight Time): GET /
Sat Oct 13 2018 21:48:10 GMT-0600 (Mountain Daylight Time): GET /about
Sat Oct 13 2018 21:48:18 GMT-0600 (Mountain Daylight Time): GET /
Sat Oct 13 2018 21:58:02 GMT-0600 (Mountain Daylight Time): GET /
Sat Oct 13 2018 21:58:03 GMT-0600 (Mountain Daylight Time): GET /about
Sat Oct 13 2018 21:58:05 GMT-0600 (Mountain Daylight Time): GET /
Sat Oct 13 2018 21:58:05 GMT-0600 (Mountain Daylight Time): GET /about
Sun Oct 14 2018 10:48:01 GMT-0600 (Mountain Daylight Time): GET /about
Sun Oct 14 2018 10:48:02 GMT-0600 (Mountain Daylight Time): GET /
Sun Oct 14 2018 10:48:04 GMT-0600 (Mountain Daylight Time): GET /about
Sun Oct 14 2018 10:48:05 GMT-0600 (Mountain Daylight Time): GET /
Sun Oct 14 2018 10:48:06 GMT-0600 (Mountain Daylight Time): GET /about
Sun Oct 14 2018 10:48:07 GMT-0600 (Mountain Daylight Time): GET /
Sun Oct 14 2018 10:48:09 GMT-0600 (Mountain Daylight Time): GET /about
Sun Oct 14 2018 12:45:01 GMT-0600 (Mountain Daylight Time): GET /about
Sun Oct 14 2018 12:45:05 GMT-0600 (Mountain Daylight Time): GET /projects
Sun Oct 14 2018 12:45:07 GMT-0600 (Mountain Daylight Time): GET /about
Sun Oct 14 2018 12:45:08 GMT-0600 (Mountain Daylight Time): GET /
Sun Oct 14 2018 12:45:09 GMT-0600 (Mountain Daylight Time): GET /projects
Sun Oct 14 2018 12:45:43 GMT-0600 (Mountain Daylight Time): GET /projects
Sun Oct 14 2018 12:45:46 GMT-0600 (Mountain Daylight Time): GET /projects
Sun Oct 14 2018 12:45:47 GMT-0600 (Mountain Daylight Time): GET /about
Sun Oct 14 2018 12:46:25 GMT-0600 (Mountain Daylight Time): GET /about
Sun Oct 14 2018 12:46:26 GMT-0600 (Mountain Daylight Time): GET /projects
Sun Oct 14 2018 12:46:28 GMT-0600 (Mountain Daylight Time): GET /about
Sun Oct 14 2018 12:46:29 GMT-0600 (Mountain Daylight Time): GET /
Sun Oct 14 2018 12:46:30 GMT-0600 (Mountain Daylight Time): GET /about
Sun Oct 14 2018 12:46:31 GMT-0600 (Mountain Daylight Time): GET /projects
